# JRE version: Java(TM) SE Runtime Environment (8.0_151-b12) (build 1.8.0_151-b12)
# Java VM: Java HotSpot(TM) 64-Bit Server VM (25.151-b12 mixed mode linux-amd64 compressed oops)
Heap:
 PSYoungGen      total 170496K, used 34731K [0x00000000d7100000, 0x00000000ec100000, 0x0000000100000000)
  eden space 103424K, 0% used [0x00000000d7100000,0x00000000d7100000,0x00000000dd600000)
  from space 67072K, 51% used [0x00000000dd600000,0x00000000df7ead88,0x00000000e1780000)
  to   space 109568K, 0% used [0x00000000e5600000,0x00000000e5600000,0x00000000ec100000)
 ParOldGen       total 265728K, used 265586K [0x0000000085200000, 0x0000000095580000, 0x00000000d7100000)
  object space 265728K, 99% used [0x0000000085200000,0x000000009555c908,0x0000000095580000)
 Metaspace       used 3579K, capacity 4678K, committed 4864K, reserved 1056768K
  class space    used 403K, capacity 430K, committed 512K, reserved 1048576K
GC Heap History (10 events):
Event: 64,326 GC heap after
Heap after GC invocations=5 (full 1):
 PSYoungGen      total 68096K, used 5105K [0x00000000d7100000, 0x00000000db900000, 0x0000000100000000)
  eden space 62976K, 0% used [0x00000000d7100000,0x00000000d7100000,0x00000000dae80000)
  from space 5120K, 99% used [0x00000000db400000,0x00000000db8fc5a0,0x00000000db900000)
  to   space 5120K, 0% used [0x00000000daf00000,0x00000000daf00000,0x00000000db400000)
 ParOldGen       total 147456K, used 106344K [0x0000000085200000, 0x000000008e200000, 0x00000000d7100000)
  object space 147456K, 72% used [0x0000000085200000,0x000000008b9da300,0x000000008e200000)
 Metaspace       used 3579K, capacity 4678K, committed 4864K, reserved 1056768K
  class space    used 403K, capacity 430K, committed 512K, reserved 1048576K
}
Event: 64,410 GC heap before
{Heap before GC invocations=6 (full 1):
 PSYoungGen      total 68096K, used 68081K [0x00000000d7100000, 0x00000000db900000, 0x0000000100000000)
  eden space 62976K, 100% used [0x00000000d7100000,0x00000000dae80000,0x00000000dae80000)
  from space 5120K, 99% used [0x00000000db400000,0x00000000db8fc5a0,0x00000000db900000)
  to   space 5120K, 0% used [0x00000000daf00000,0x00000000daf00000,0x00000000db400000)
 ParOldGen       total 147456K, used 106344K [0x0000000085200000, 0x000000008e200000, 0x00000000d7100000)
  object space 147456K, 72% used [0x0000000085200000,0x000000008b9da300,0x000000008e200000)
 Metaspace       used 3579K, capacity 4678K, committed 4864K, reserved 1056768K
  class space    used 403K, capacity 430K, committed 512K, reserved 1048576K
Event: 64,466 GC heap after
Heap after GC invocations=6 (full 1):
 PSYoungGen      total 68608K, used 5089K [0x00000000d7100000, 0x00000000e5900000, 0x0000000100000000)
  eden space 63488K, 0% used [0x00000000d7100000,0x00000000d7100000,0x00000000daf00000)
  from space 5120K, 99% used [0x00000000daf00000,0x00000000db3f86c0,0x00000000db400000)
  to   space 56320K, 0% used [0x00000000e2200000,0x00000000e2200000,0x00000000e5900000)
 ParOldGen       total 162816K, used 162420K [0x0000000085200000, 0x000000008f100000, 0x00000000d7100000)
  object space 162816K, 99% used [0x0000000085200000,0x000000008f09d2a0,0x000000008f100000)
 Metaspace       used 3579K, capacity 4678K, committed 4864K, reserved 1056768K
  class space    used 403K, capacity 430K, committed 512K, reserved 1048576K
}
Event: 64,466 GC heap before
{Heap before GC invocations=7 (full 2):
 PSYoungGen      total 68608K, used 5089K [0x00000000d7100000, 0x00000000e5900000, 0x0000000100000000)
  eden space 63488K, 0% used [0x00000000d7100000,0x00000000d7100000,0x00000000daf00000)
  from space 5120K, 99% used [0x00000000daf00000,0x00000000db3f86c0,0x00000000db400000)
  to   space 56320K, 0% used [0x00000000e2200000,0x00000000e2200000,0x00000000e5900000)
 ParOldGen       total 162816K, used 162420K [0x0000000085200000, 0x000000008f100000, 0x00000000d7100000)
  object space 162816K, 99% used [0x0000000085200000,0x000000008f09d2a0,0x000000008f100000)
 Metaspace       used 3579K, capacity 4678K, committed 4864K, reserved 1056768K
  class space    used 403K, capacity 430K, committed 512K, reserved 1048576K
Event: 65,624 GC heap after
Heap after GC invocations=7 (full 2):
 PSYoungGen      total 68608K, used 4572K [0x00000000d7100000, 0x00000000e5900000, 0x0000000100000000)
  eden space 63488K, 0% used [0x00000000d7100000,0x00000000d7100000,0x00000000daf00000)
  from space 5120K, 89% used [0x00000000daf00000,0x00000000db377000,0x00000000db400000)
  to   space 56320K, 0% used [0x00000000e2200000,0x00000000e2200000,0x00000000e5900000)
 ParOldGen       total 265728K, used 162584K [0x0000000085200000, 0x0000000095580000, 0x00000000d7100000)
  object space 265728K, 61% used [0x0000000085200000,0x000000008f0c6360,0x0000000095580000)
 Metaspace       used 3579K, capacity 4678K, committed 4864K, reserved 1056768K
  class space    used 403K, capacity 430K, committed 512K, reserved 1048576K
}
Event: 65,690 GC heap before
{Heap before GC invocations=8 (full 2):
 PSYoungGen      total 68608K, used 68060K [0x00000000d7100000, 0x00000000e5900000, 0x0000000100000000)
  eden space 63488K, 100% used [0x00000000d7100000,0x00000000daf00000,0x00000000daf00000)
  from space 5120K, 89% used [0x00000000daf00000,0x00000000db377000,0x00000000db400000)
  to   space 56320K, 0% used [0x00000000e2200000,0x00000000e2200000,0x00000000e5900000)
 ParOldGen       total 265728K, used 162584K [0x0000000085200000, 0x0000000095580000, 0x00000000d7100000)
  object space 265728K, 61% used [0x0000000085200000,0x000000008f0c6360,0x0000000095580000)
 Metaspace       used 3579K, capacity 4678K, committed 4864K, reserved 1056768K
  class space    used 403K, capacity 430K, committed 512K, reserved 1048576K
Event: 65,781 GC heap after
Heap after GC invocations=8 (full 2):
 PSYoungGen      total 142848K, used 56307K [0x00000000d7100000, 0x00000000e5900000, 0x0000000100000000)
  eden space 86528K, 0% used [0x00000000d7100000,0x00000000d7100000,0x00000000dc580000)
  from space 56320K, 99% used [0x00000000e2200000,0x00000000e58fcec0,0x00000000e5900000)
  to   space 67072K, 0% used [0x00000000dd600000,0x00000000dd600000,0x00000000e1780000)
 ParOldGen       total 265728K, used 167309K [0x0000000085200000, 0x0000000095580000, 0x00000000d7100000)
  object space 265728K, 62% used [0x0000000085200000,0x000000008f563560,0x0000000095580000)
 Metaspace       used 3579K, capacity 4678K, committed 4864K, reserved 1056768K
  class space    used 403K, capacity 430K, committed 512K, reserved 1048576K
}
Event: 65,889 GC heap before
{Heap before GC invocations=9 (full 2):
 PSYoungGen      total 142848K, used 142835K [0x00000000d7100000, 0x00000000e5900000, 0x0000000100000000)
  eden space 86528K, 100% used [0x00000000d7100000,0x00000000dc580000,0x00000000dc580000)
  from space 56320K, 99% used [0x00000000e2200000,0x00000000e58fcec0,0x00000000e5900000)
  to   space 67072K, 0% used [0x00000000dd600000,0x00000000dd600000,0x00000000e1780000)
 ParOldGen       total 265728K, used 167309K [0x0000000085200000, 0x0000000095580000, 0x00000000d7100000)
  object space 265728K, 62% used [0x0000000085200000,0x000000008f563560,0x0000000095580000)
 Metaspace       used 3579K, capacity 4678K, committed 4864K, reserved 1056768K
  class space    used 403K, capacity 430K, committed 512K, reserved 1048576K
Event: 66,078 GC heap after
Heap after GC invocations=9 (full 2):
 PSYoungGen      total 170496K, used 67046K [0x00000000d7100000, 0x00000000ec100000, 0x0000000100000000)
  eden space 103424K, 0% used [0x00000000d7100000,0x00000000d7100000,0x00000000dd600000)
  from space 67072K, 99% used [0x00000000dd600000,0x00000000e17798e0,0x00000000e1780000)
  to   space 109568K, 0% used [0x00000000e5600000,0x00000000e5600000,0x00000000ec100000)
 ParOldGen       total 265728K, used 233668K [0x0000000085200000, 0x0000000095580000, 0x00000000d7100000)
  object space 265728K, 87% used [0x0000000085200000,0x0000000093631320,0x0000000095580000)
 Metaspace       used 3579K, capacity 4678K, committed 4864K, reserved 1056768K
  class space    used 403K, capacity 430K, committed 512K, reserved 1048576K
}
Event: 66,078 GC heap before
{Heap before GC invocations=10 (full 3):
 PSYoungGen      total 170496K, used 67046K [0x00000000d7100000, 0x00000000ec100000, 0x0000000100000000)
  eden space 103424K, 0% used [0x00000000d7100000,0x00000000d7100000,0x00000000dd600000)
  from space 67072K, 99% used [0x00000000dd600000,0x00000000e17798e0,0x00000000e1780000)
  to   space 109568K, 0% used [0x00000000e5600000,0x00000000e5600000,0x00000000ec100000)
 ParOldGen       total 265728K, used 233668K [0x0000000085200000, 0x0000000095580000, 0x00000000d7100000)
  object space 265728K, 87% used [0x0000000085200000,0x0000000093631320,0x0000000095580000)
 Metaspace       used 3579K, capacity 4678K, committed 4864K, reserved 1056768K
  class space    used 403K, capacity 430K, committed 512K, reserved 1048576K

