# JRE version: Java(TM) SE Runtime Environment (8.0_151-b12) (build 1.8.0_151-b12)
# Java VM: Java HotSpot(TM) 64-Bit Server VM (25.151-b12 mixed mode linux-amd64 compressed oops)
Heap:
 PSYoungGen      total 156160K, used 66533K [0x00000000d7100000, 0x00000000e5680000, 0x0000000100000000)
  eden space 89600K, 0% used [0x00000000d7100000,0x00000000d7100000,0x00000000dc880000)
  from space 66560K, 99% used [0x00000000dd480000,0x00000000e15796a0,0x00000000e1580000)
  to   space 55808K, 0% used [0x00000000e2000000,0x00000000e2000000,0x00000000e5680000)
 ParOldGen       total 264192K, used 236953K [0x0000000085200000, 0x0000000095400000, 0x00000000d7100000)
  object space 264192K, 89% used [0x0000000085200000,0x00000000939666b0,0x0000000095400000)
 Metaspace       used 3565K, capacity 4678K, committed 4864K, reserved 1056768K
  class space    used 402K, capacity 430K, committed 512K, reserved 1048576K
GC Heap History (10 events):
Event: 39,978 GC heap after
Heap after GC invocations=4 (full 1):
 PSYoungGen      total 36864K, used 0K [0x00000000d7100000, 0x00000000db900000, 0x0000000100000000)
  eden space 31744K, 0% used [0x00000000d7100000,0x00000000d7100000,0x00000000d9000000)
  from space 5120K, 0% used [0x00000000d9000000,0x00000000d9000000,0x00000000d9500000)
  to   space 5120K, 0% used [0x00000000db400000,0x00000000db400000,0x00000000db900000)
 ParOldGen       total 147968K, used 83540K [0x0000000085200000, 0x000000008e280000, 0x00000000d7100000)
  object space 147968K, 56% used [0x0000000085200000,0x000000008a3950e8,0x000000008e280000)
 Metaspace       used 3565K, capacity 4678K, committed 4864K, reserved 1056768K
  class space    used 402K, capacity 430K, committed 512K, reserved 1048576K
}
Event: 40,012 GC heap before
{Heap before GC invocations=5 (full 1):
 PSYoungGen      total 36864K, used 31744K [0x00000000d7100000, 0x00000000db900000, 0x0000000100000000)
  eden space 31744K, 100% used [0x00000000d7100000,0x00000000d9000000,0x00000000d9000000)
  from space 5120K, 0% used [0x00000000d9000000,0x00000000d9000000,0x00000000d9500000)
  to   space 5120K, 0% used [0x00000000db400000,0x00000000db400000,0x00000000db900000)
 ParOldGen       total 147968K, used 83540K [0x0000000085200000, 0x000000008e280000, 0x00000000d7100000)
  object space 147968K, 56% used [0x0000000085200000,0x000000008a3950e8,0x000000008e280000)
 Metaspace       used 3565K, capacity 4678K, committed 4864K, reserved 1056768K
  class space    used 402K, capacity 430K, committed 512K, reserved 1048576K
Event: 40,038 GC heap after
Heap after GC invocations=5 (full 1):
 PSYoungGen      total 67584K, used 5105K [0x00000000d7100000, 0x00000000db900000, 0x0000000100000000)
  eden space 62464K, 0% used [0x00000000d7100000,0x00000000d7100000,0x00000000dae00000)
  from space 5120K, 99% used [0x00000000db400000,0x00000000db8fc5a0,0x00000000db900000)
  to   space 5120K, 0% used [0x00000000daf00000,0x00000000daf00000,0x00000000db400000)
 ParOldGen       total 147968K, used 106732K [0x0000000085200000, 0x000000008e280000, 0x00000000d7100000)
  object space 147968K, 72% used [0x0000000085200000,0x000000008ba3b2c8,0x000000008e280000)
 Metaspace       used 3565K, capacity 4678K, committed 4864K, reserved 1056768K
  class space    used 402K, capacity 430K, committed 512K, reserved 1048576K
}
Event: 40,105 GC heap before
{Heap before GC invocations=6 (full 1):
 PSYoungGen      total 67584K, used 67569K [0x00000000d7100000, 0x00000000db900000, 0x0000000100000000)
  eden space 62464K, 100% used [0x00000000d7100000,0x00000000dae00000,0x00000000dae00000)
  from space 5120K, 99% used [0x00000000db400000,0x00000000db8fc5a0,0x00000000db900000)
  to   space 5120K, 0% used [0x00000000daf00000,0x00000000daf00000,0x00000000db400000)
 ParOldGen       total 147968K, used 106732K [0x0000000085200000, 0x000000008e280000, 0x00000000d7100000)
  object space 147968K, 72% used [0x0000000085200000,0x000000008ba3b2c8,0x000000008e280000)
 Metaspace       used 3565K, capacity 4678K, committed 4864K, reserved 1056768K
  class space    used 402K, capacity 430K, committed 512K, reserved 1048576K
Event: 40,156 GC heap after
Heap after GC invocations=6 (full 1):
 PSYoungGen      total 68608K, used 5089K [0x00000000d7100000, 0x00000000e5680000, 0x0000000100000000)
  eden space 63488K, 0% used [0x00000000d7100000,0x00000000d7100000,0x00000000daf00000)
  from space 5120K, 99% used [0x00000000daf00000,0x00000000db3f86c0,0x00000000db400000)
  to   space 55808K, 0% used [0x00000000e2000000,0x00000000e2000000,0x00000000e5680000)
 ParOldGen       total 162816K, used 162440K [0x0000000085200000, 0x000000008f100000, 0x00000000d7100000)
  object space 162816K, 99% used [0x0000000085200000,0x000000008f0a2268,0x000000008f100000)
 Metaspace       used 3565K, capacity 4678K, committed 4864K, reserved 1056768K
  class space    used 402K, capacity 430K, committed 512K, reserved 1048576K
}
Event: 40,156 GC heap before
{Heap before GC invocations=7 (full 2):
 PSYoungGen      total 68608K, used 5089K [0x00000000d7100000, 0x00000000e5680000, 0x0000000100000000)
  eden space 63488K, 0% used [0x00000000d7100000,0x00000000d7100000,0x00000000daf00000)
  from space 5120K, 99% used [0x00000000daf00000,0x00000000db3f86c0,0x00000000db400000)
  to   space 55808K, 0% used [0x00000000e2000000,0x00000000e2000000,0x00000000e5680000)
 ParOldGen       total 162816K, used 162440K [0x0000000085200000, 0x000000008f100000, 0x00000000d7100000)
  object space 162816K, 99% used [0x0000000085200000,0x000000008f0a2268,0x000000008f100000)
 Metaspace       used 3565K, capacity 4678K, committed 4864K, reserved 1056768K
  class space    used 402K, capacity 430K, committed 512K, reserved 1048576K
Event: 40,728 GC heap after
Heap after GC invocations=7 (full 2):
 PSYoungGen      total 68608K, used 4571K [0x00000000d7100000, 0x00000000e5680000, 0x0000000100000000)
  eden space 63488K, 0% used [0x00000000d7100000,0x00000000d7100000,0x00000000daf00000)
  from space 5120K, 89% used [0x00000000daf00000,0x00000000db376f58,0x00000000db400000)
  to   space 55808K, 0% used [0x00000000e2000000,0x00000000e2000000,0x00000000e5680000)
 ParOldGen       total 264192K, used 162609K [0x0000000085200000, 0x0000000095400000, 0x00000000d7100000)
  object space 264192K, 61% used [0x0000000085200000,0x000000008f0cc730,0x0000000095400000)
 Metaspace       used 3565K, capacity 4678K, committed 4864K, reserved 1056768K
  class space    used 402K, capacity 430K, committed 512K, reserved 1048576K
}
Event: 40,794 GC heap before
{Heap before GC invocations=8 (full 2):
 PSYoungGen      total 68608K, used 68059K [0x00000000d7100000, 0x00000000e5680000, 0x0000000100000000)
  eden space 63488K, 100% used [0x00000000d7100000,0x00000000daf00000,0x00000000daf00000)
  from space 5120K, 89% used [0x00000000daf00000,0x00000000db376f58,0x00000000db400000)
  to   space 55808K, 0% used [0x00000000e2000000,0x00000000e2000000,0x00000000e5680000)
 ParOldGen       total 264192K, used 162609K [0x0000000085200000, 0x0000000095400000, 0x00000000d7100000)
  object space 264192K, 61% used [0x0000000085200000,0x000000008f0cc730,0x0000000095400000)
 Metaspace       used 3565K, capacity 4678K, committed 4864K, reserved 1056768K
  class space    used 402K, capacity 430K, committed 512K, reserved 1048576K
Event: 40,875 GC heap after
Heap after GC invocations=8 (full 2):
 PSYoungGen      total 145408K, used 55795K [0x00000000d7100000, 0x00000000e5680000, 0x0000000100000000)
  eden space 89600K, 0% used [0x00000000d7100000,0x00000000d7100000,0x00000000dc880000)
  from space 55808K, 99% used [0x00000000e2000000,0x00000000e567cc80,0x00000000e5680000)
  to   space 66560K, 0% used [0x00000000dd480000,0x00000000dd480000,0x00000000e1580000)
 ParOldGen       total 264192K, used 167815K [0x0000000085200000, 0x0000000095400000, 0x00000000d7100000)
  object space 264192K, 63% used [0x0000000085200000,0x000000008f5e1c90,0x0000000095400000)
 Metaspace       used 3565K, capacity 4678K, committed 4864K, reserved 1056768K
  class space    used 402K, capacity 430K, committed 512K, reserved 1048576K
}
Event: 40,978 GC heap before
{Heap before GC invocations=9 (full 2):
 PSYoungGen      total 145408K, used 145395K [0x00000000d7100000, 0x00000000e5680000, 0x0000000100000000)
  eden space 89600K, 100% used [0x00000000d7100000,0x00000000dc880000,0x00000000dc880000)
  from space 55808K, 99% used [0x00000000e2000000,0x00000000e567cc80,0x00000000e5680000)
  to   space 66560K, 0% used [0x00000000dd480000,0x00000000dd480000,0x00000000e1580000)
 ParOldGen       total 264192K, used 167815K [0x0000000085200000, 0x0000000095400000, 0x00000000d7100000)
  object space 264192K, 63% used [0x0000000085200000,0x000000008f5e1c90,0x0000000095400000)
 Metaspace       used 3565K, capacity 4678K, committed 4864K, reserved 1056768K
  class space    used 402K, capacity 430K, committed 512K, reserved 1048576K

