# JRE version: Java(TM) SE Runtime Environment (8.0_151-b12) (build 1.8.0_151-b12)
# Java VM: Java HotSpot(TM) 64-Bit Server VM (25.151-b12 mixed mode linux-amd64 compressed oops)
Heap:
 PSYoungGen      total 152064K, used 65510K [0x00000000d7100000, 0x00000000e5300000, 0x0000000100000000)
  eden space 86528K, 0% used [0x00000000d7100000,0x00000000d7100000,0x00000000dc580000)
  from space 65536K, 99% used [0x00000000dd300000,0x00000000e12f98e0,0x00000000e1300000)
  to   space 55296K, 0% used [0x00000000e1d00000,0x00000000e1d00000,0x00000000e5300000)
 ParOldGen       total 266240K, used 234727K [0x0000000085200000, 0x0000000095600000, 0x00000000d7100000)
  object space 266240K, 88% used [0x0000000085200000,0x0000000093739fd8,0x0000000095600000)
 Metaspace       used 3565K, capacity 4678K, committed 4864K, reserved 1056768K
  class space    used 402K, capacity 430K, committed 512K, reserved 1048576K
GC Heap History (10 events):
Event: 24,901 GC heap after
Heap after GC invocations=4 (full 1):
 PSYoungGen      total 36864K, used 0K [0x00000000d7100000, 0x00000000db900000, 0x0000000100000000)
  eden space 31744K, 0% used [0x00000000d7100000,0x00000000d7100000,0x00000000d9000000)
  from space 5120K, 0% used [0x00000000d9000000,0x00000000d9000000,0x00000000d9500000)
  to   space 5120K, 0% used [0x00000000db400000,0x00000000db400000,0x00000000db900000)
 ParOldGen       total 148480K, used 83540K [0x0000000085200000, 0x000000008e300000, 0x00000000d7100000)
  object space 148480K, 56% used [0x0000000085200000,0x000000008a3950e8,0x000000008e300000)
 Metaspace       used 3565K, capacity 4678K, committed 4864K, reserved 1056768K
  class space    used 402K, capacity 430K, committed 512K, reserved 1048576K
}
Event: 24,935 GC heap before
{Heap before GC invocations=5 (full 1):
 PSYoungGen      total 36864K, used 31744K [0x00000000d7100000, 0x00000000db900000, 0x0000000100000000)
  eden space 31744K, 100% used [0x00000000d7100000,0x00000000d9000000,0x00000000d9000000)
  from space 5120K, 0% used [0x00000000d9000000,0x00000000d9000000,0x00000000d9500000)
  to   space 5120K, 0% used [0x00000000db400000,0x00000000db400000,0x00000000db900000)
 ParOldGen       total 148480K, used 83540K [0x0000000085200000, 0x000000008e300000, 0x00000000d7100000)
  object space 148480K, 56% used [0x0000000085200000,0x000000008a3950e8,0x000000008e300000)
 Metaspace       used 3565K, capacity 4678K, committed 4864K, reserved 1056768K
  class space    used 402K, capacity 430K, committed 512K, reserved 1048576K
Event: 24,960 GC heap after
Heap after GC invocations=5 (full 1):
 PSYoungGen      total 67072K, used 5105K [0x00000000d7100000, 0x00000000db900000, 0x0000000100000000)
  eden space 61952K, 0% used [0x00000000d7100000,0x00000000d7100000,0x00000000dad80000)
  from space 5120K, 99% used [0x00000000db400000,0x00000000db8fc5a0,0x00000000db900000)
  to   space 5120K, 0% used [0x00000000daf00000,0x00000000daf00000,0x00000000db400000)
 ParOldGen       total 148480K, used 106724K [0x0000000085200000, 0x000000008e300000, 0x00000000d7100000)
  object space 148480K, 71% used [0x0000000085200000,0x000000008ba392c8,0x000000008e300000)
 Metaspace       used 3565K, capacity 4678K, committed 4864K, reserved 1056768K
  class space    used 402K, capacity 430K, committed 512K, reserved 1048576K
}
Event: 25,027 GC heap before
{Heap before GC invocations=6 (full 1):
 PSYoungGen      total 67072K, used 67057K [0x00000000d7100000, 0x00000000db900000, 0x0000000100000000)
  eden space 61952K, 100% used [0x00000000d7100000,0x00000000dad80000,0x00000000dad80000)
  from space 5120K, 99% used [0x00000000db400000,0x00000000db8fc5a0,0x00000000db900000)
  to   space 5120K, 0% used [0x00000000daf00000,0x00000000daf00000,0x00000000db400000)
 ParOldGen       total 148480K, used 106724K [0x0000000085200000, 0x000000008e300000, 0x00000000d7100000)
  object space 148480K, 71% used [0x0000000085200000,0x000000008ba392c8,0x000000008e300000)
 Metaspace       used 3565K, capacity 4678K, committed 4864K, reserved 1056768K
  class space    used 402K, capacity 430K, committed 512K, reserved 1048576K
Event: 25,076 GC heap after
Heap after GC invocations=6 (full 1):
 PSYoungGen      total 68608K, used 5090K [0x00000000d7100000, 0x00000000e5300000, 0x0000000100000000)
  eden space 63488K, 0% used [0x00000000d7100000,0x00000000d7100000,0x00000000daf00000)
  from space 5120K, 99% used [0x00000000daf00000,0x00000000db3f8900,0x00000000db400000)
  to   space 55296K, 0% used [0x00000000e1d00000,0x00000000e1d00000,0x00000000e5300000)
 ParOldGen       total 163328K, used 161928K [0x0000000085200000, 0x000000008f180000, 0x00000000d7100000)
  object space 163328K, 99% used [0x0000000085200000,0x000000008f022028,0x000000008f180000)
 Metaspace       used 3565K, capacity 4678K, committed 4864K, reserved 1056768K
  class space    used 402K, capacity 430K, committed 512K, reserved 1048576K
}
Event: 25,076 GC heap before
{Heap before GC invocations=7 (full 2):
 PSYoungGen      total 68608K, used 5090K [0x00000000d7100000, 0x00000000e5300000, 0x0000000100000000)
  eden space 63488K, 0% used [0x00000000d7100000,0x00000000d7100000,0x00000000daf00000)
  from space 5120K, 99% used [0x00000000daf00000,0x00000000db3f8900,0x00000000db400000)
  to   space 55296K, 0% used [0x00000000e1d00000,0x00000000e1d00000,0x00000000e5300000)
 ParOldGen       total 163328K, used 161928K [0x0000000085200000, 0x000000008f180000, 0x00000000d7100000)
  object space 163328K, 99% used [0x0000000085200000,0x000000008f022028,0x000000008f180000)
 Metaspace       used 3565K, capacity 4678K, committed 4864K, reserved 1056768K
  class space    used 402K, capacity 430K, committed 512K, reserved 1048576K
Event: 26,305 GC heap after
Heap after GC invocations=7 (full 2):
 PSYoungGen      total 68608K, used 3549K [0x00000000d7100000, 0x00000000e5300000, 0x0000000100000000)
  eden space 63488K, 0% used [0x00000000d7100000,0x00000000d7100000,0x00000000daf00000)
  from space 5120K, 69% used [0x00000000daf00000,0x00000000db2776c8,0x00000000db400000)
  to   space 55296K, 0% used [0x00000000e1d00000,0x00000000e1d00000,0x00000000e5300000)
 ParOldGen       total 266240K, used 163132K [0x0000000085200000, 0x0000000095600000, 0x00000000d7100000)
  object space 266240K, 61% used [0x0000000085200000,0x000000008f14f138,0x0000000095600000)
 Metaspace       used 3565K, capacity 4678K, committed 4864K, reserved 1056768K
  class space    used 402K, capacity 430K, committed 512K, reserved 1048576K
}
Event: 26,371 GC heap before
{Heap before GC invocations=8 (full 2):
 PSYoungGen      total 68608K, used 67037K [0x00000000d7100000, 0x00000000e5300000, 0x0000000100000000)
  eden space 63488K, 100% used [0x00000000d7100000,0x00000000daf00000,0x00000000daf00000)
  from space 5120K, 69% used [0x00000000daf00000,0x00000000db2776c8,0x00000000db400000)
  to   space 55296K, 0% used [0x00000000e1d00000,0x00000000e1d00000,0x00000000e5300000)
 ParOldGen       total 266240K, used 163132K [0x0000000085200000, 0x0000000095600000, 0x00000000d7100000)
  object space 266240K, 61% used [0x0000000085200000,0x000000008f14f138,0x0000000095600000)
 Metaspace       used 3565K, capacity 4678K, committed 4864K, reserved 1056768K
  class space    used 402K, capacity 430K, committed 512K, reserved 1048576K
Event: 26,448 GC heap after
Heap after GC invocations=8 (full 2):
 PSYoungGen      total 141824K, used 55264K [0x00000000d7100000, 0x00000000e5300000, 0x0000000100000000)
  eden space 86528K, 0% used [0x00000000d7100000,0x00000000d7100000,0x00000000dc580000)
  from space 55296K, 99% used [0x00000000e1d00000,0x00000000e52f8260,0x00000000e5300000)
  to   space 65536K, 0% used [0x00000000dd300000,0x00000000dd300000,0x00000000e1300000)
 ParOldGen       total 266240K, used 167872K [0x0000000085200000, 0x0000000095600000, 0x00000000d7100000)
  object space 266240K, 63% used [0x0000000085200000,0x000000008f5f0338,0x0000000095600000)
 Metaspace       used 3565K, capacity 4678K, committed 4864K, reserved 1056768K
  class space    used 402K, capacity 430K, committed 512K, reserved 1048576K
}
Event: 26,544 GC heap before
{Heap before GC invocations=9 (full 2):
 PSYoungGen      total 141824K, used 141792K [0x00000000d7100000, 0x00000000e5300000, 0x0000000100000000)
  eden space 86528K, 100% used [0x00000000d7100000,0x00000000dc580000,0x00000000dc580000)
  from space 55296K, 99% used [0x00000000e1d00000,0x00000000e52f8260,0x00000000e5300000)
  to   space 65536K, 0% used [0x00000000dd300000,0x00000000dd300000,0x00000000e1300000)
 ParOldGen       total 266240K, used 167872K [0x0000000085200000, 0x0000000095600000, 0x00000000d7100000)
  object space 266240K, 63% used [0x0000000085200000,0x000000008f5f0338,0x0000000095600000)
 Metaspace       used 3565K, capacity 4678K, committed 4864K, reserved 1056768K
  class space    used 402K, capacity 430K, committed 512K, reserved 1048576K

